S=C=A=N: Sun Nov 26 20:30:24 2023: Collect start
/usr/bin/srun ../../mpi/fdtd param_3d.txt

 Grid spacing: 0.01
  Grid size X: 100
  Grid size Y: 100
  Grid size Z: 100
    Time step: 5e-07
 Maximum time: 0.001

     Output rate: every 200 step(s)
 Output sampling: 10000 Hz

 Output files:

      pressure: complete dump to file out_p.dat
    velocity X: complete dump to file out_vx.dat
    velocity Y: complete dump to file out_vy.dat
    velocity Z: complete dump to file out_vz.dat

 Source infos:

          type: sine wave
     frequency: 3400 Hz
    position x: 0.5
    position y: 0.5
    position z: 0.5

step      200/2000 (ETA:  119.438 seconds)
step      400/2000 (ETA:  105.900 seconds)
step      600/2000 (ETA:   92.416 seconds)
step      800/2000 (ETA:   79.117 seconds)
step     1000/2000 (ETA:   65.974 seconds)
step     1200/2000 (ETA:   52.745 seconds)
step     1400/2000 (ETA:   39.540 seconds)
step     1600/2000 (ETA:   26.365 seconds)
step     1800/2000 (ETA:   13.181 seconds)
step     2000/2000

Elapsed 131.755449 seconds (15.187 Mupdates/s)

S=C=A=N: Sun Nov 26 20:32:38 2023: Collect done (status=0) 134s
