S=C=A=N: Sun Nov 26 23:00:18 2023: Collect start
/usr/bin/srun ../../omp/fdtd param_3d.txt

 Grid spacing: 0.01
  Grid size X: 100
  Grid size Y: 100
  Grid size Z: 100
    Time step: 5e-07
 Maximum time: 0.001

     Output rate: every 200 step(s)
 Output sampling: 10000 Hz

 Output files:

      pressure: complete dump to file out_p.dat
    velocity X: complete dump to file out_vx.dat
    velocity Y: complete dump to file out_vy.dat
    velocity Z: complete dump to file out_vz.dat

 Source infos:

          type: sine wave
     frequency: 3400 Hz
    position x: 0.5
    position y: 0.5
    position z: 0.5

step      200/2000 (ETA:    4.909 seconds)
step      400/2000 (ETA:    4.063 seconds)
step      600/2000 (ETA:    3.471 seconds)
step      800/2000 (ETA:    2.937 seconds)
step     1000/2000 (ETA:    2.428 seconds)
step     1200/2000 (ETA:    1.933 seconds)
step     1400/2000 (ETA:    1.445 seconds)
step     1600/2000 (ETA:    0.961 seconds)
step     1800/2000 (ETA:    0.479 seconds)
step     2000/2000

Elapsed 4.785931 seconds (418.100 Mupdates/s)

S=C=A=N: Sun Nov 26 23:00:24 2023: Collect done (status=0) 6s
